#
# A fatal error has been detected by the Java Runtime Environment:
#
#  EXCEPTION_ACCESS_VIOLATION (0xc0000005) at pc=0x00007fff856710da, pid=6164, tid=6312
#
# JRE version: Java(TM) SE Runtime Environment (8.0_71-b15) (build 1.8.0_71-b15)
# Java VM: Java HotSpot(TM) 64-Bit Server VM (25.71-b15 mixed mode windows-amd64 compressed oops)
# Problematic frame:
# C  [opencv_java2411.dll+0x10da]
#
# Failed to write core dump. Minidumps are not enabled by default on client versions of Windows
#
# If you would like to submit a bug report, please visit:
#   http://bugreport.java.com/bugreport/crash.jsp
# The crash happened outside the Java Virtual Machine in native code.
# See problematic frame for where to report the bug.
#

---------------  T H R E A D  ---------------

Current thread (0x0000000002736000):  JavaThread "Finalizer" daemon [_thread_in_native, id=6312, stack(0x0000000017230000,0x0000000017330000)]

siginfo: ExceptionCode=0xc0000005, writing address 0x00000100000f2800

Registers:
RAX=0x00000100000f2800, RBX=0x0000000100000057, RCX=0x0000000000000001, RDX=0x0000000000000004
RSP=0x000000001732f140, RBP=0x000000001732f200, RSI=0x0000000015610c10, RDI=0x0000000000001810
R8 =0x0000000000000000, R9 =0x0000000100060828, R10=0x00007fff8567b960, R11=0x000000002000c105
R12=0x0000000000000000, R13=0x00000000029ceda8, R14=0x000000001732f1f0, R15=0x0000000002736000
RIP=0x00007fff856710da, EFLAGS=0x0000000000010202

Top of Stack: (sp=0x000000001732f140)
0x000000001732f140:   000000001d542920 0000000000000000
0x000000001732f150:   000000001d542920 0000000002736000
0x000000001732f160:   0000000100000057 00007fff8567b975
0x000000001732f170:   000000001732f2b0 00000000a1f025f0
0x000000001732f180:   0000000002736000 0000000002736000
0x000000001732f190:   0000000015a2e988 0000000002968283
0x000000001732f1a0:   0000000015f79e68 0000000002736000
0x000000001732f1b0:   000000001732f2b0 0000000000000000
0x000000001732f1c0:   0000000015f76e50 000000005ecd9b39
0x000000001732f1d0:   000000001732f4e8 0000000002736000
0x000000001732f1e0:   00000000027324ca 0000000015a7b310
0x000000001732f1f0:   00000000a1f0c030 000000000283f9c9
0x000000001732f200:   00000000a30e5ef8 0000000002976598
0x000000001732f210:   0000000015610c10 00000000029ceda8
0x000000001732f220:   00000000a1f02610 00000000029ceda8
0x000000001732f230:   0000000002736000 00000000e5d85560 

Instructions: (pc=0x00007fff856710da)
0x00007fff856710ba:   89 43 10 39 4b 04 7e 22 41 8b d0 66 66 66 0f 1f
0x00007fff856710ca:   84 00 00 00 00 00 48 8b 43 40 ff c1 48 83 c2 04
0x00007fff856710da:   44 89 44 02 fc 3b 4b 04 7c ec 4c 89 43 18 48 83
0x00007fff856710ea:   c4 20 5b c3 cc cc 48 89 4c 24 08 53 48 83 ec 30 


Register to memory mapping:

RAX=0x00000100000f2800 is an unknown value
RBX=0x0000000100000057 is pointing into metadata
RCX=0x0000000000000001 is an unknown value
RDX=0x0000000000000004 is an unknown value
RSP=0x000000001732f140 is pointing into the stack for thread: 0x0000000002736000
RBP=0x000000001732f200 is pointing into the stack for thread: 0x0000000002736000
RSI={method} {0x0000000015610c18} 'finalize' '()V' in 'java/lang/Object'
RDI=0x0000000000001810 is an unknown value
R8 =0x0000000000000000 is an unknown value
R9 =0x0000000100060828 is pointing into metadata
R10=0x00007fff8567b960 is an unknown value
R11=0x000000002000c105 is pointing into the stack for thread: 0x0000000017a2a800
R12=0x0000000000000000 is an unknown value
R13=0x00000000029ceda8 is at entry_point+680 in (nmethod*)0x00000000029ce950
R14=0x000000001732f1f0 is pointing into the stack for thread: 0x0000000002736000
R15=0x0000000002736000 is a thread


Stack: [0x0000000017230000,0x0000000017330000],  sp=0x000000001732f140,  free space=1020k
Native frames: (J=compiled Java code, j=interpreted, Vv=VM code, C=native code)
C  [opencv_java2411.dll+0x10da]
C  [opencv_java2411.dll+0xb975]
C  0x0000000002968283

Java frames: (J=compiled Java code, j=interpreted, Vv=VM code)
J 487  org.opencv.core.Mat.n_delete(J)V (0 bytes) @ 0x0000000002968201 [0x00000000029681c0+0x41]
J 550 C2 org.opencv.core.Mat.finalize()V (12 bytes) @ 0x0000000002976598 [0x0000000002976560+0x38]
J 1153% C2 java.lang.ref.Finalizer$FinalizerThread.run()V (55 bytes) @ 0x00000000029ceda8 [0x00000000029ceb00+0x2a8]
v  ~StubRoutines::call_stub

---------------  P R O C E S S  ---------------

Java Threads: ( => current thread )
  0x0000000019c37000 JavaThread "Thread-54" [_thread_in_native, id=6900, stack(0x000000002a9b0000,0x000000002aab0000)]
  0x0000000019c31000 JavaThread "Thread-53" [_thread_in_native, id=5084, stack(0x00000000298e0000,0x00000000299e0000)]
  0x0000000019c36000 JavaThread "Thread-52" [_thread_in_native, id=5452, stack(0x0000000028810000,0x0000000028910000)]
  0x0000000019c35800 JavaThread "Thread-51" [_thread_in_native, id=4220, stack(0x0000000028710000,0x0000000028810000)]
  0x0000000019c2f800 JavaThread "Thread-50" [_thread_in_native, id=4040, stack(0x0000000028610000,0x0000000028710000)]
  0x0000000019c34800 JavaThread "Thread-49" [_thread_in_native, id=3768, stack(0x0000000028510000,0x0000000028610000)]
  0x0000000019c2d000 JavaThread "Thread-48" [_thread_in_native, id=3396, stack(0x0000000028410000,0x0000000028510000)]
  0x0000000019c34000 JavaThread "Thread-47" [_thread_in_native, id=3728, stack(0x0000000028310000,0x0000000028410000)]
  0x0000000019c2e800 JavaThread "Thread-46" [_thread_blocked, id=5056, stack(0x0000000028210000,0x0000000028310000)]
  0x0000000019c32800 JavaThread "Thread-45" [_thread_in_native, id=3916, stack(0x0000000027140000,0x0000000027240000)]
  0x0000000019c2e000 JavaThread "Thread-44" [_thread_in_native, id=3080, stack(0x0000000027040000,0x0000000027140000)]
  0x0000000019c2c800 JavaThread "Thread-43" [_thread_blocked, id=4868, stack(0x0000000026f40000,0x0000000027040000)]
  0x0000000019c33000 JavaThread "Thread-42" [_thread_blocked, id=3516, stack(0x0000000026e40000,0x0000000026f40000)]
  0x0000000019c31800 JavaThread "Thread-41" [_thread_in_native, id=588, stack(0x0000000025d70000,0x0000000025e70000)]
  0x0000000019c2b800 JavaThread "Thread-40" [_thread_in_native, id=7060, stack(0x0000000024ca0000,0x0000000024da0000)]
  0x000000001978d000 JavaThread "Thread-39" [_thread_in_native, id=7056, stack(0x0000000024ba0000,0x0000000024ca0000)]
  0x000000001978b800 JavaThread "Thread-38" [_thread_blocked, id=7052, stack(0x0000000023ad0000,0x0000000023bd0000)]
  0x0000000019791800 JavaThread "Thread-37" [_thread_in_native, id=7512, stack(0x00000000239d0000,0x0000000023ad0000)]
  0x0000000019790000 JavaThread "Thread-36" [_thread_in_native, id=7012, stack(0x00000000238d0000,0x00000000239d0000)]
  0x000000001978e800 JavaThread "Thread-35" [_thread_blocked, id=7016, stack(0x00000000237d0000,0x00000000238d0000)]
  0x0000000019790800 JavaThread "Thread-34" [_thread_blocked, id=7008, stack(0x0000000022700000,0x0000000022800000)]
  0x000000001978f000 JavaThread "Thread-33" [_thread_in_native, id=7504, stack(0x0000000021630000,0x0000000021730000)]
  0x000000001978d800 JavaThread "AWT-EventQueue-0" [_thread_blocked, id=6984, stack(0x0000000021120000,0x0000000021220000)]
  0x000000001978c000 JavaThread "Thread-31" [_thread_blocked, id=6968, stack(0x0000000021020000,0x0000000021120000)]
  0x000000001978a800 JavaThread "Image Fetcher 0" daemon [_thread_blocked, id=6972, stack(0x0000000020f20000,0x0000000021020000)]
  0x0000000019789000 JavaThread "AWT-Windows" daemon [_thread_in_native, id=7492, stack(0x0000000020a10000,0x0000000020b10000)]
  0x0000000019784000 JavaThread "AWT-Shutdown" [_thread_blocked, id=7508, stack(0x0000000020910000,0x0000000020a10000)]
  0x0000000019783000 JavaThread "Thread-29" [_thread_in_native, id=6948, stack(0x0000000020810000,0x0000000020910000)]
  0x0000000019788800 JavaThread "Thread-28" [_thread_blocked, id=6944, stack(0x0000000020710000,0x0000000020810000)]
  0x0000000019787800 JavaThread "Thread-27" [_thread_blocked, id=6940, stack(0x0000000020610000,0x0000000020710000)]
  0x0000000019787000 JavaThread "Thread-26" [_thread_blocked, id=6936, stack(0x0000000020510000,0x0000000020610000)]
  0x000000001978a000 JavaThread "Thread-25" [_thread_blocked, id=7500, stack(0x0000000020410000,0x0000000020510000)]
  0x0000000019786000 JavaThread "Thread-24" [_thread_in_native, id=6912, stack(0x0000000020310000,0x0000000020410000)]
  0x0000000019782800 JavaThread "Thread-23" [_thread_blocked, id=6904, stack(0x0000000020210000,0x0000000020310000)]
  0x0000000019785800 JavaThread "Thread-22" [_thread_blocked, id=6908, stack(0x0000000020110000,0x0000000020210000)]
  0x0000000019784800 JavaThread "Thread-21" [_thread_in_native, id=6916, stack(0x0000000020010000,0x0000000020110000)]
  0x0000000017a2a800 JavaThread "Thread-20" [_thread_blocked, id=6892, stack(0x000000001ff10000,0x0000000020010000)]
  0x0000000017a2f000 JavaThread "Thread-19" [_thread_blocked, id=6888, stack(0x000000001ee40000,0x000000001ef40000)]
  0x0000000017a2a000 JavaThread "Thread-18" [_thread_blocked, id=6884, stack(0x000000001dd70000,0x000000001de70000)]
  0x0000000017a2e800 JavaThread "Thread-17" [_thread_blocked, id=6876, stack(0x000000001dc70000,0x000000001dd70000)]
  0x0000000017a2d000 JavaThread "Thread-16" [_thread_blocked, id=7460, stack(0x000000001db70000,0x000000001dc70000)]
  0x0000000017a2b800 JavaThread "Thread-15" [_thread_blocked, id=6848, stack(0x000000001da70000,0x000000001db70000)]
  0x0000000017a29000 JavaThread "Thread-14" [_thread_blocked, id=6844, stack(0x000000001d970000,0x000000001da70000)]
  0x0000000017a2d800 JavaThread "Thread-13" [_thread_in_native, id=6840, stack(0x000000001d870000,0x000000001d970000)]
  0x0000000017a2c000 JavaThread "Thread-12" [_thread_blocked, id=6836, stack(0x000000001d770000,0x000000001d870000)]
  0x0000000017a30000 JavaThread "Thread-11" [_thread_blocked, id=6740, stack(0x000000001d670000,0x000000001d770000)]
  0x0000000017b9d000 JavaThread "Thread-10" [_thread_blocked, id=6756, stack(0x000000001c5a0000,0x000000001c6a0000)]
  0x00000000197a7800 JavaThread "Thread-9" [_thread_in_native, id=6752, stack(0x000000001c4a0000,0x000000001c5a0000)]
  0x0000000017a36800 JavaThread "Thread-8" [_thread_blocked, id=6748, stack(0x000000001c3a0000,0x000000001c4a0000)]
  0x0000000017bd1800 JavaThread "Thread-7" [_thread_in_native, id=6744, stack(0x000000001c2a0000,0x000000001c3a0000)]
  0x0000000017a36000 JavaThread "Thread-6" [_thread_blocked, id=6708, stack(0x000000001c1a0000,0x000000001c2a0000)]
  0x0000000017a35000 JavaThread "Thread-5" [_thread_blocked, id=6720, stack(0x000000001b0d0000,0x000000001b1d0000)]
  0x000000001979f000 JavaThread "Thread-4" [_thread_blocked, id=6712, stack(0x000000001afd0000,0x000000001b0d0000)]
  0x0000000017ac9800 JavaThread "Thread-3" [_thread_in_native, id=7432, stack(0x000000001a8d0000,0x000000001a9d0000)]
  0x0000000017ce3800 JavaThread "Thread-2" [_thread_blocked, id=7480, stack(0x000000001a7d0000,0x000000001a8d0000)]
  0x0000000019719000 JavaThread "Java2D Disposer" daemon [_thread_blocked, id=6636, stack(0x0000000019ed0000,0x0000000019fd0000)]
  0x0000000017a03800 JavaThread "Thread-0" [_thread_in_native, id=6624, stack(0x00000000190a0000,0x00000000191a0000)]
  0x0000000017946000 JavaThread "Service Thread" daemon [_thread_blocked, id=6272, stack(0x0000000017d20000,0x0000000017e20000)]
  0x0000000015fb7000 JavaThread "C1 CompilerThread2" daemon [_thread_blocked, id=7244, stack(0x0000000017820000,0x0000000017920000)]
  0x0000000015fb0000 JavaThread "C2 CompilerThread1" daemon [_thread_blocked, id=7412, stack(0x0000000017720000,0x0000000017820000)]
  0x0000000015fad800 JavaThread "C2 CompilerThread0" daemon [_thread_blocked, id=7276, stack(0x0000000017620000,0x0000000017720000)]
  0x0000000015fab000 JavaThread "Attach Listener" daemon [_thread_blocked, id=7264, stack(0x0000000017520000,0x0000000017620000)]
  0x0000000015faa000 JavaThread "Signal Dispatcher" daemon [_thread_blocked, id=6316, stack(0x0000000017420000,0x0000000017520000)]
=>0x0000000002736000 JavaThread "Finalizer" daemon [_thread_in_native, id=6312, stack(0x0000000017230000,0x0000000017330000)]
  0x0000000015f79000 JavaThread "Reference Handler" daemon [_thread_blocked, id=6304, stack(0x0000000017130000,0x0000000017230000)]
  0x0000000002640800 JavaThread "main" [_thread_in_native, id=6280, stack(0x00000000024e0000,0x00000000025e0000)]

Other Threads:
  0x0000000015f77800 VMThread [stack: 0x0000000017030000,0x0000000017130000] [id=6308]
  0x000000001797b000 WatcherThread [stack: 0x0000000017e20000,0x0000000017f20000] [id=7404]

VM state:not at safepoint (normal execution)

VM Mutex/Monitor currently owned by a thread: None

Heap:
 PSYoungGen      total 90624K, used 16755K [0x00000000e0a00000, 0x00000000e9180000, 0x0000000100000000)
  eden space 79360K, 6% used [0x00000000e0a00000,0x00000000e0f61e68,0x00000000e5780000)
  from space 11264K, 99% used [0x00000000e5780000,0x00000000e627b030,0x00000000e6280000)
  to   space 13824K, 0% used [0x00000000e8400000,0x00000000e8400000,0x00000000e9180000)
 ParOldGen       total 65536K, used 21287K [0x00000000a1e00000, 0x00000000a5e00000, 0x00000000e0a00000)
  object space 65536K, 32% used [0x00000000a1e00000,0x00000000a32c9de0,0x00000000a5e00000)
 Metaspace       used 12142K, capacity 12436K, committed 12800K, reserved 1060864K
  class space    used 1355K, capacity 1439K, committed 1536K, reserved 1048576K

Card table byte_map: [0x0000000011b00000,0x0000000011e00000] byte_map_base: 0x00000000115f1000

Marking Bits: (ParMarkBitMap*) 0x000000005f2bf600
 Begin Bits: [0x0000000012400000, 0x0000000013b88000)
 End Bits:   [0x0000000013b88000, 0x0000000015310000)

Polling page: 0x0000000000bd0000

CodeCache: size=245760Kb used=4714Kb max_used=4714Kb free=241045Kb
 bounds [0x0000000002740000, 0x0000000002bf0000, 0x0000000011740000]
 total_blobs=1992 nmethods=1319 adapters=584
 compilation: enabled

Compilation events (10 events):
Event: 17.946 Thread 0x0000000015fb7000 1447       3       java.awt.EventQueue$3::run (60 bytes)
Event: 17.947 Thread 0x0000000015fb7000 nmethod 1447 0x00000000029c1a50 code [0x00000000029c1c00, 0x00000000029c20b8]
Event: 17.947 Thread 0x0000000015fb7000 1448       3       java.awt.EventQueue::access$500 (7 bytes)
Event: 17.947 Thread 0x0000000015fb7000 nmethod 1448 0x00000000029c1690 code [0x00000000029c1800, 0x00000000029c1968]
Event: 17.947 Thread 0x0000000015fb7000 1449       3       java.awt.EventQueue::dispatchEventImpl (149 bytes)
Event: 17.949 Thread 0x0000000015fb7000 nmethod 1449 0x0000000002bdb690 code [0x0000000002bdba00, 0x0000000002bdd898]
Event: 17.950 Thread 0x0000000015fb7000 1444       3       sun.awt.windows.WComponentPeer::handleEvent (173 bytes)
Event: 17.951 Thread 0x0000000015fb7000 nmethod 1444 0x0000000002bde250 code [0x0000000002bde480, 0x0000000002bdf7a8]
Event: 17.951 Thread 0x0000000015fb7000 1445   !   3       java.awt.AWTEvent::dispatched (47 bytes)
Event: 17.952 Thread 0x0000000015fb7000 nmethod 1445 0x0000000002bdfad0 code [0x0000000002bdfcc0, 0x0000000002be0668]

GC Heap History (10 events):
Event: 13.925 GC heap before
{Heap before GC invocations=13 (full 0):
 PSYoungGen      total 40448K, used 39348K [0x00000000e0a00000, 0x00000000e3b00000, 0x0000000100000000)
  eden space 32256K, 99% used [0x00000000e0a00000,0x00000000e297fd78,0x00000000e2980000)
  from space 8192K, 86% used [0x00000000e3200000,0x00000000e38ed3d0,0x00000000e3a00000)
  to   space 8704K, 0% used [0x00000000e2980000,0x00000000e2980000,0x00000000e3200000)
 ParOldGen       total 65536K, used 9889K [0x00000000a1e00000, 0x00000000a5e00000, 0x00000000e0a00000)
  object space 65536K, 15% used [0x00000000a1e00000,0x00000000a27a87f0,0x00000000a5e00000)
 Metaspace       used 11506K, capacity 11780K, committed 12032K, reserved 1060864K
  class space    used 1336K, capacity 1437K, committed 1536K, reserved 1048576K
Event: 13.944 GC heap after
Heap after GC invocations=13 (full 0):
 PSYoungGen      total 40960K, used 4654K [0x00000000e0a00000, 0x00000000e4d80000, 0x0000000100000000)
  eden space 32256K, 0% used [0x00000000e0a00000,0x00000000e0a00000,0x00000000e2980000)
  from space 8704K, 53% used [0x00000000e2980000,0x00000000e2e0bbc0,0x00000000e3200000)
  to   space 8704K, 0% used [0x00000000e4500000,0x00000000e4500000,0x00000000e4d80000)
 ParOldGen       total 65536K, used 12665K [0x00000000a1e00000, 0x00000000a5e00000, 0x00000000e0a00000)
  object space 65536K, 19% used [0x00000000a1e00000,0x00000000a2a5e7f0,0x00000000a5e00000)
 Metaspace       used 11506K, capacity 11780K, committed 12032K, reserved 1060864K
  class space    used 1336K, capacity 1437K, committed 1536K, reserved 1048576K
}
Event: 14.519 GC heap before
{Heap before GC invocations=14 (full 0):
 PSYoungGen      total 40960K, used 36910K [0x00000000e0a00000, 0x00000000e4d80000, 0x0000000100000000)
  eden space 32256K, 100% used [0x00000000e0a00000,0x00000000e2980000,0x00000000e2980000)
  from space 8704K, 53% used [0x00000000e2980000,0x00000000e2e0bbc0,0x00000000e3200000)
  to   space 8704K, 0% used [0x00000000e4500000,0x00000000e4500000,0x00000000e4d80000)
 ParOldGen       total 65536K, used 13567K [0x00000000a1e00000, 0x00000000a5e00000, 0x00000000e0a00000)
  object space 65536K, 20% used [0x00000000a1e00000,0x00000000a2b3fff8,0x00000000a5e00000)
 Metaspace       used 11798K, capacity 12036K, committed 12288K, reserved 1060864K
  class space    used 1353K, capacity 1437K, committed 1536K, reserved 1048576K
Event: 14.542 GC heap after
Heap after GC invocations=14 (full 0):
 PSYoungGen      total 59904K, used 7076K [0x00000000e0a00000, 0x00000000e4e80000, 0x0000000100000000)
  eden space 51200K, 0% used [0x00000000e0a00000,0x00000000e0a00000,0x00000000e3c00000)
  from space 8704K, 81% used [0x00000000e4500000,0x00000000e4be9010,0x00000000e4d80000)
  to   space 9216K, 0% used [0x00000000e3c00000,0x00000000e3c00000,0x00000000e4500000)
 ParOldGen       total 65536K, used 15053K [0x00000000a1e00000, 0x00000000a5e00000, 0x00000000e0a00000)
  object space 65536K, 22% used [0x00000000a1e00000,0x00000000a2cb35c8,0x00000000a5e00000)
 Metaspace       used 11798K, capacity 12036K, committed 12288K, reserved 1060864K
  class space    used 1353K, capacity 1437K, committed 1536K, reserved 1048576K
}
Event: 15.525 GC heap before
{Heap before GC invocations=15 (full 0):
 PSYoungGen      total 59904K, used 58276K [0x00000000e0a00000, 0x00000000e4e80000, 0x0000000100000000)
  eden space 51200K, 100% used [0x00000000e0a00000,0x00000000e3c00000,0x00000000e3c00000)
  from space 8704K, 81% used [0x00000000e4500000,0x00000000e4be9010,0x00000000e4d80000)
  to   space 9216K, 0% used [0x00000000e3c00000,0x00000000e3c00000,0x00000000e4500000)
 ParOldGen       total 65536K, used 15053K [0x00000000a1e00000, 0x00000000a5e00000, 0x00000000e0a00000)
  object space 65536K, 22% used [0x00000000a1e00000,0x00000000a2cb35c8,0x00000000a5e00000)
 Metaspace       used 11825K, capacity 12100K, committed 12288K, reserved 1060864K
  class space    used 1353K, capacity 1437K, committed 1536K, reserved 1048576K
Event: 15.535 GC heap after
Heap after GC invocations=15 (full 0):
 PSYoungGen      total 60416K, used 4489K [0x00000000e0a00000, 0x00000000e6b00000, 0x0000000100000000)
  eden space 51200K, 0% used [0x00000000e0a00000,0x00000000e0a00000,0x00000000e3c00000)
  from space 9216K, 48% used [0x00000000e3c00000,0x00000000e4062628,0x00000000e4500000)
  to   space 8704K, 0% used [0x00000000e6280000,0x00000000e6280000,0x00000000e6b00000)
 ParOldGen       total 65536K, used 15149K [0x00000000a1e00000, 0x00000000a5e00000, 0x00000000e0a00000)
  object space 65536K, 23% used [0x00000000a1e00000,0x00000000a2ccb5c8,0x00000000a5e00000)
 Metaspace       used 11825K, capacity 12100K, committed 12288K, reserved 1060864K
  class space    used 1353K, capacity 1437K, committed 1536K, reserved 1048576K
}
Event: 16.364 GC heap before
{Heap before GC invocations=16 (full 0):
 PSYoungGen      total 60416K, used 55689K [0x00000000e0a00000, 0x00000000e6b00000, 0x0000000100000000)
  eden space 51200K, 100% used [0x00000000e0a00000,0x00000000e3c00000,0x00000000e3c00000)
  from space 9216K, 48% used [0x00000000e3c00000,0x00000000e4062628,0x00000000e4500000)
  to   space 8704K, 0% used [0x00000000e6280000,0x00000000e6280000,0x00000000e6b00000)
 ParOldGen       total 65536K, used 15151K [0x00000000a1e00000, 0x00000000a5e00000, 0x00000000e0a00000)
  object space 65536K, 23% used [0x00000000a1e00000,0x00000000a2ccbef8,0x00000000a5e00000)
 Metaspace       used 11835K, capacity 12100K, committed 12288K, reserved 1060864K
  class space    used 1353K, capacity 1437K, committed 1536K, reserved 1048576K
Event: 16.411 GC heap after
Heap after GC invocations=16 (full 0):
 PSYoungGen      total 88064K, used 8680K [0x00000000e0a00000, 0x00000000e7000000, 0x0000000100000000)
  eden space 79360K, 0% used [0x00000000e0a00000,0x00000000e0a00000,0x00000000e5780000)
  from space 8704K, 99% used [0x00000000e6280000,0x00000000e6afa020,0x00000000e6b00000)
  to   space 11264K, 0% used [0x00000000e5780000,0x00000000e5780000,0x00000000e6280000)
 ParOldGen       total 65536K, used 19159K [0x00000000a1e00000, 0x00000000a5e00000, 0x00000000e0a00000)
  object space 65536K, 29% used [0x00000000a1e00000,0x00000000a30b5f38,0x00000000a5e00000)
 Metaspace       used 11835K, capacity 12100K, committed 12288K, reserved 1060864K
  class space    used 1353K, capacity 1437K, committed 1536K, reserved 1048576K
}
Event: 18.038 GC heap before
{Heap before GC invocations=17 (full 0):
 PSYoungGen      total 88064K, used 88040K [0x00000000e0a00000, 0x00000000e7000000, 0x0000000100000000)
  eden space 79360K, 100% used [0x00000000e0a00000,0x00000000e5780000,0x00000000e5780000)
  from space 8704K, 99% used [0x00000000e6280000,0x00000000e6afa020,0x00000000e6b00000)
  to   space 11264K, 0% used [0x00000000e5780000,0x00000000e5780000,0x00000000e6280000)
 ParOldGen       total 65536K, used 19175K [0x00000000a1e00000, 0x00000000a5e00000, 0x00000000e0a00000)
  object space 65536K, 29% used [0x00000000a1e00000,0x00000000a30b9db0,0x00000000a5e00000)
 Metaspace       used 12142K, capacity 12436K, committed 12800K, reserved 1060864K
  class space    used 1355K, capacity 1439K, committed 1536K, reserved 1048576K
Event: 18.083 GC heap after
Heap after GC invocations=17 (full 0):
 PSYoungGen      total 90624K, used 11244K [0x00000000e0a00000, 0x00000000e9180000, 0x0000000100000000)
  eden space 79360K, 0% used [0x00000000e0a00000,0x00000000e0a00000,0x00000000e5780000)
  from space 11264K, 99% used [0x00000000e5780000,0x00000000e627b030,0x00000000e6280000)
  to   space 13824K, 0% used [0x00000000e8400000,0x00000000e8400000,0x00000000e9180000)
 ParOldGen       total 65536K, used 21287K [0x00000000a1e00000, 0x00000000a5e00000, 0x00000000e0a00000)
  object space 65536K, 32% used [0x00000000a1e00000,0x00000000a32c9de0,0x00000000a5e00000)
 Metaspace       used 12142K, capacity 12436K, committed 12800K, reserved 1060864K
  class space    used 1355K, capacity 1439K, committed 1536K, reserved 1048576K
}

Deoptimization events (10 events):
Event: 16.468 Thread 0x000000001978c000 Uncommon trap: reason=unstable_if action=reinterpret pc=0x00000000029b225c method=org.opencv.core.Mat.<init>(J)V @ 7
Event: 16.476 Thread 0x0000000017a2c000 Uncommon trap: reason=unstable_if action=reinterpret pc=0x00000000029b225c method=org.opencv.core.Mat.<init>(J)V @ 7
Event: 16.480 Thread 0x0000000017a36000 Uncommon trap: reason=unstable_if action=reinterpret pc=0x00000000029b225c method=org.opencv.core.Mat.<init>(J)V @ 7
Event: 16.485 Thread 0x0000000019788800 Uncommon trap: reason=unstable_if action=reinterpret pc=0x00000000029b225c method=org.opencv.core.Mat.<init>(J)V @ 7
Event: 16.493 Thread 0x0000000019790800 Uncommon trap: reason=unstable_if action=reinterpret pc=0x00000000029b225c method=org.opencv.core.Mat.<init>(J)V @ 7
Event: 16.498 Thread 0x0000000017a30000 Uncommon trap: reason=unstable_if action=reinterpret pc=0x00000000029b225c method=org.opencv.core.Mat.<init>(J)V @ 7
Event: 16.499 Thread 0x000000001978b800 Uncommon trap: reason=unstable_if action=reinterpret pc=0x00000000029b225c method=org.opencv.core.Mat.<init>(J)V @ 7
Event: 16.500 Thread 0x0000000017a2d000 Uncommon trap: reason=unstable_if action=reinterpret pc=0x00000000029b225c method=org.opencv.core.Mat.<init>(J)V @ 7
Event: 16.502 Thread 0x0000000019c33000 Uncommon trap: reason=unstable_if action=reinterpret pc=0x00000000029b225c method=org.opencv.core.Mat.<init>(J)V @ 7
Event: 16.512 Thread 0x0000000017a35000 Uncommon trap: reason=unstable_if action=reinterpret pc=0x00000000029b225c method=org.opencv.core.Mat.<init>(J)V @ 7

Internal exceptions (10 events):
Event: 13.457 Thread 0x0000000017a2a000 Exception <a 'org/opencv/core/CvException': cv::Exception: ..\..\..\..\opencv\modules\core\src\arithm.cpp:1287: error: (-209) The operation is neither 'array op array' (where arrays have the same size and the same number of channels), nor 'array op scalar'4Îâé*@
Event: 13.457 Thread 0x0000000017a2f000 Exception <a 'org/opencv/core/CvException': cv::Exception: ..\..\..\..\opencv\modules\core\src\arithm.cpp:1287: error: (-209) The operation is neither 'array op array' (where arrays have the same size and the same number of channels), nor 'array op scalar'Ø)ÜZ'+@
Event: 13.514 Thread 0x0000000019787800 Exception <a 'java/io/FileNotFoundException'> (0x00000000e1440ab8) thrown at [C:\re\workspace\8-2-build-windows-amd64-cygwin\jdk8u71\5731\hotspot\src\share\vm\prims\jni.cpp, line 709]
Event: 14.080 Thread 0x000000001979f000 Exception <a 'java/io/FileNotFoundException'> (0x00000000e11713d0) thrown at [C:\re\workspace\8-2-build-windows-amd64-cygwin\jdk8u71\5731\hotspot\src\share\vm\prims\jni.cpp, line 709]
Event: 14.082 Thread 0x0000000017a36800 Exception <a 'java/io/FileNotFoundException'> (0x00000000e1211958) thrown at [C:\re\workspace\8-2-build-windows-amd64-cygwin\jdk8u71\5731\hotspot\src\share\vm\prims\jni.cpp, line 709]
Event: 14.083 Thread 0x0000000017a2a800 Exception <a 'java/io/FileNotFoundException'> (0x00000000e114cde8) thrown at [C:\re\workspace\8-2-build-windows-amd64-cygwin\jdk8u71\5731\hotspot\src\share\vm\prims\jni.cpp, line 709]
Event: 14.084 Thread 0x000000001978a000 Exception <a 'java/io/FileNotFoundException'> (0x00000000e119d7d0) thrown at [C:\re\workspace\8-2-build-windows-amd64-cygwin\jdk8u71\5731\hotspot\src\share\vm\prims\jni.cpp, line 709]
Event: 17.896 Thread 0x0000000019787000 Exception <a 'java/io/FileNotFoundException'> (0x00000000e4ce5fd0) thrown at [C:\re\workspace\8-2-build-windows-amd64-cygwin\jdk8u71\5731\hotspot\src\share\vm\prims\jni.cpp, line 709]
Event: 17.896 Thread 0x0000000019c2c800 Exception <a 'java/io/FileNotFoundException'> (0x00000000e4cba338) thrown at [C:\re\workspace\8-2-build-windows-amd64-cygwin\jdk8u71\5731\hotspot\src\share\vm\prims\jni.cpp, line 709]
Event: 17.896 Thread 0x0000000019c2e800 Exception <a 'java/io/FileNotFoundException'> (0x00000000e10ee548) thrown at [C:\re\workspace\8-2-build-windows-amd64-cygwin\jdk8u71\5731\hotspot\src\share\vm\prims\jni.cpp, line 709]

Events (10 events):
Event: 17.948 Executing VM operation: RevokeBias done
Event: 17.949 Executing VM operation: RevokeBias
Event: 17.949 Executing VM operation: RevokeBias done
Event: 17.949 Executing VM operation: RevokeBias
Event: 17.949 Executing VM operation: RevokeBias done
Event: 17.949 Executing VM operation: RevokeBias
Event: 17.949 Executing VM operation: RevokeBias done
Event: 18.036 Thread 0x0000000019c37000 Thread added: 0x0000000019c37000
Event: 18.037 Executing VM operation: ParallelGCFailedAllocation
Event: 18.083 Executing VM operation: ParallelGCFailedAllocation done


Dynamic libraries:
0x00007ff757170000 - 0x00007ff7571a7000 	C:\Program Files\Java\jdk1.8.0_71\bin\java.exe
0x00007fffb7f50000 - 0x00007fffb8121000 	C:\WINDOWS\SYSTEM32\ntdll.dll
0x00007fffb5be0000 - 0x00007fffb5c8b000 	C:\WINDOWS\System32\KERNEL32.DLL
0x00007fffb4440000 - 0x00007fffb465d000 	C:\WINDOWS\System32\KERNELBASE.dll
0x00007fffb59f0000 - 0x00007fffb5a92000 	C:\WINDOWS\System32\ADVAPI32.dll
0x00007fffb7eb0000 - 0x00007fffb7f4e000 	C:\WINDOWS\System32\msvcrt.dll
0x00007fffb7cd0000 - 0x00007fffb7d29000 	C:\WINDOWS\System32\sechost.dll
0x00007fffb5aa0000 - 0x00007fffb5bc1000 	C:\WINDOWS\System32\RPCRT4.dll
0x00007fffb5740000 - 0x00007fffb58a5000 	C:\WINDOWS\System32\USER32.dll
0x00007fffb54c0000 - 0x00007fffb54de000 	C:\WINDOWS\System32\win32u.dll
0x00007fffb58b0000 - 0x00007fffb58e4000 	C:\WINDOWS\System32\GDI32.dll
0x00007fffb4fa0000 - 0x00007fffb5122000 	C:\WINDOWS\System32\gdi32full.dll
0x00007fffa4880000 - 0x00007fffa4af9000 	C:\WINDOWS\WinSxS\amd64_microsoft.windows.common-controls_6595b64144ccf1df_6.0.14393.447_none_42191651c6827bb3\COMCTL32.dll
0x00007fffb6310000 - 0x00007fffb65d8000 	C:\WINDOWS\System32\combase.dll
0x00007fffb51a0000 - 0x00007fffb5295000 	C:\WINDOWS\System32\ucrtbase.dll
0x00007fffb5130000 - 0x00007fffb519a000 	C:\WINDOWS\System32\bcryptPrimitives.dll
0x00007fffb7e70000 - 0x00007fffb7e9e000 	C:\WINDOWS\System32\IMM32.DLL
0x000000005e9d0000 - 0x000000005eaa2000 	C:\Program Files\Java\jdk1.8.0_71\jre\bin\msvcr100.dll
0x000000005eab0000 - 0x000000005f33f000 	C:\Program Files\Java\jdk1.8.0_71\jre\bin\server\jvm.dll
0x00007fffb5bd0000 - 0x00007fffb5bd8000 	C:\WINDOWS\System32\PSAPI.DLL
0x00007fffa1440000 - 0x00007fffa1449000 	C:\WINDOWS\SYSTEM32\WSOCK32.dll
0x00007fffb2250000 - 0x00007fffb2273000 	C:\WINDOWS\SYSTEM32\WINMM.dll
0x00007fffb66e0000 - 0x00007fffb674a000 	C:\WINDOWS\System32\WS2_32.dll
0x00007fffa98e0000 - 0x00007fffa98ea000 	C:\WINDOWS\SYSTEM32\VERSION.dll
0x00007fffb21f0000 - 0x00007fffb221b000 	C:\WINDOWS\SYSTEM32\WINMMBASE.dll
0x00007fffb5470000 - 0x00007fffb54b2000 	C:\WINDOWS\System32\cfgmgr32.dll
0x000000005e980000 - 0x000000005e98f000 	C:\Program Files\Java\jdk1.8.0_71\jre\bin\verify.dll
0x000000005e950000 - 0x000000005e979000 	C:\Program Files\Java\jdk1.8.0_71\jre\bin\java.dll
0x000000005e930000 - 0x000000005e946000 	C:\Program Files\Java\jdk1.8.0_71\jre\bin\zip.dll
0x00007fffb6750000 - 0x00007fffb7c59000 	C:\WINDOWS\System32\SHELL32.dll
0x00007fffb48c0000 - 0x00007fffb4f9a000 	C:\WINDOWS\System32\windows.storage.dll
0x00007fffb43d0000 - 0x00007fffb441c000 	C:\WINDOWS\System32\powrprof.dll
0x00007fffb56e0000 - 0x00007fffb5732000 	C:\WINDOWS\System32\shlwapi.dll
0x00007fffb4430000 - 0x00007fffb443f000 	C:\WINDOWS\System32\kernel.appcore.dll
0x00007fffb47b0000 - 0x00007fffb4859000 	C:\WINDOWS\System32\shcore.dll
0x00007fffb43b0000 - 0x00007fffb43c4000 	C:\WINDOWS\System32\profapi.dll
0x000000005e910000 - 0x000000005e92a000 	C:\Program Files\Java\jdk1.8.0_71\jre\bin\net.dll
0x00007fffb3b30000 - 0x00007fffb3b8c000 	C:\WINDOWS\system32\mswsock.dll
0x00007fff85670000 - 0x00007fff86043000 	C:\opencv\build\java\x64\opencv_java2411.dll
0x00007fffb7d30000 - 0x00007fffb7e67000 	C:\WINDOWS\System32\ole32.dll
0x00007fffaac30000 - 0x00007fffaac59000 	C:\WINDOWS\SYSTEM32\MSVFW32.dll
0x00007fffa99e0000 - 0x00007fffa9a00000 	C:\WINDOWS\SYSTEM32\AVIFIL32.dll
0x00007fffa99c0000 - 0x00007fffa99d8000 	C:\WINDOWS\SYSTEM32\AVICAP32.dll
0x00007fffb5c90000 - 0x00007fffb5d4f000 	C:\WINDOWS\System32\OLEAUT32.dll
0x00007fffb4660000 - 0x00007fffb46fc000 	C:\WINDOWS\System32\msvcp_win.dll
0x00007fffa7ba0000 - 0x00007fffa7bbc000 	C:\WINDOWS\SYSTEM32\MSACM32.dll
0x00007fffb2b40000 - 0x00007fffb2bd5000 	C:\WINDOWS\system32\uxtheme.dll
0x00007fffb65e0000 - 0x00007fffb667f000 	C:\WINDOWS\System32\clbcatq.dll
0x00007fffa99a0000 - 0x00007fffa99b8000 	C:\Windows\System32\devenum.dll
0x00007fffb5ee0000 - 0x00007fffb6309000 	C:\WINDOWS\System32\setupapi.dll
0x00007fffb3760000 - 0x00007fffb3792000 	C:\WINDOWS\SYSTEM32\ntmarta.dll
0x00007fffb3080000 - 0x00007fffb30a8000 	C:\WINDOWS\SYSTEM32\DEVOBJ.dll
0x00007fffb4860000 - 0x00007fffb48b5000 	C:\WINDOWS\System32\WINTRUST.dll
0x00007fffb4420000 - 0x00007fffb4430000 	C:\WINDOWS\System32\MSASN1.dll
0x00007fffb52a0000 - 0x00007fffb5469000 	C:\WINDOWS\System32\CRYPT32.dll
0x00007fffaef30000 - 0x00007fffaef3a000 	C:\WINDOWS\SYSTEM32\msdmo.dll
0x00007fffa9960000 - 0x00007fffa9993000 	C:\Windows\System32\qcap.dll
0x00007fff86e10000 - 0x00007fff86fd3000 	C:\Windows\System32\quartz.dll
0x00007fffb4300000 - 0x00007fffb432b000 	C:\Windows\System32\bcrypt.dll
0x00007fffb5d50000 - 0x00007fffb5eab000 	C:\WINDOWS\System32\MSCTF.dll
0x00007fffb1ac0000 - 0x00007fffb1ae6000 	C:\WINDOWS\system32\dwmapi.dll
0x00007fffa9910000 - 0x00007fffa9958000 	C:\Windows\System32\mfksproxy.dll
0x00007fffa9480000 - 0x00007fffa949c000 	C:\Windows\System32\ATL.DLL
0x00007fffa71b0000 - 0x00007fffa71fe000 	C:\Windows\System32\MFSENSORGROUP.dll
0x00007fffb0b20000 - 0x00007fffb0c88000 	C:\Windows\System32\MFPlat.DLL
0x00007fffb06a0000 - 0x00007fffb06ce000 	C:\Windows\System32\RTWorkQ.DLL
0x00007fff9b170000 - 0x00007fff9b1bb000 	C:\Windows\System32\ksproxy.ax
0x00007fffb0360000 - 0x00007fffb0369000 	C:\Windows\System32\ksuser.dll
0x00007fff91810000 - 0x00007fff9199d000 	C:\Windows\System32\d3d9.dll
0x00007fffacdd0000 - 0x00007ffface13000 	C:\WINDOWS\SYSTEM32\policymanager.dll
0x00007fffb2e00000 - 0x00007fffb2e91000 	C:\Windows\System32\msvcp110_win.dll
0x00007fffafc70000 - 0x00007fffafc7d000 	C:\Windows\System32\vidcap.ax
0x00007fffa3ba0000 - 0x00007fffa3bc5000 	C:\Windows\System32\kswdmcap.ax
0x00007fff85500000 - 0x00007fff85663000 	C:\Windows\System32\MFC42.dll
0x00007fff90920000 - 0x00007fff909cf000 	C:\Windows\System32\ODBC32.dll
0x00007fffb3800000 - 0x00007fffb380a000 	C:\Windows\System32\DPAPI.dll
0x00007fff86d60000 - 0x00007fff86e03000 	C:\Windows\System32\qedit.dll
0x00007fffb58f0000 - 0x00007fffb59ea000 	C:\WINDOWS\System32\COMDLG32.dll
0x00007fffa3a00000 - 0x00007fffa3b9a000 	C:\WINDOWS\WinSxS\amd64_microsoft.windows.gdiplus_6595b64144ccf1df_1.1.14393.321_none_72fe05dd211a5fae\gdiplus.dll
0x00007fff98bb0000 - 0x00007fff98ca7000 	C:\Windows\System32\DDRAW.dll
0x00007fffb04f0000 - 0x00007fffb04f8000 	C:\Windows\System32\DCIMAN32.dll
0x00007fffa9900000 - 0x00007fffa990c000 	C:\WINDOWS\SYSTEM32\msyuv.dll
0x000000005e750000 - 0x000000005e8e8000 	C:\Program Files\Java\jdk1.8.0_71\jre\bin\awt.dll
0x00007fffb2960000 - 0x00007fffb29da000 	C:\WINDOWS\SYSTEM32\apphelp.dll
0x00007fffb3e20000 - 0x00007fffb3e37000 	C:\WINDOWS\SYSTEM32\CRYPTSP.dll
0x00007fffb3d30000 - 0x00007fffb3d63000 	C:\WINDOWS\system32\rsaenh.dll
0x00007fffb39b0000 - 0x00007fffb39cf000 	C:\WINDOWS\SYSTEM32\USERENV.dll
0x00007fffb3e40000 - 0x00007fffb3e4b000 	C:\WINDOWS\SYSTEM32\CRYPTBASE.dll
0x00007fffb38c0000 - 0x00007fffb38f8000 	C:\WINDOWS\SYSTEM32\IPHLPAPI.DLL
0x00007fffb7ea0000 - 0x00007fffb7ea8000 	C:\WINDOWS\System32\NSI.dll
0x00007fffb0870000 - 0x00007fffb0886000 	C:\WINDOWS\SYSTEM32\dhcpcsvc6.DLL
0x00007fffb08b0000 - 0x00007fffb08ca000 	C:\WINDOWS\SYSTEM32\dhcpcsvc.DLL
0x000000005e8f0000 - 0x000000005e901000 	C:\Program Files\Java\jdk1.8.0_71\jre\bin\nio.dll
0x000000005e600000 - 0x000000005e631000 	C:\Program Files\Java\jdk1.8.0_71\jre\bin\jpeg.dll
0x000000005e700000 - 0x000000005e747000 	C:\Program Files\Java\jdk1.8.0_71\jre\bin\fontmanager.dll
0x000000005e6b0000 - 0x000000005e6f2000 	C:\Program Files\Java\jdk1.8.0_71\jre\bin\t2k.dll
0x00007fffa9bd0000 - 0x00007fffa9d62000 	C:\WINDOWS\SYSTEM32\dbghelp.dll

VM Arguments:
jvm_args: -Dfile.encoding=UTF-8 -Djava.library.path=C:\opencv\build\java\x64 
java_command: Servidor.Servidor
java_class_path (initial): C:\opencv\build\java\opencv-2411.jar;C:\Users\isold\Downloads\slf4j-api-1.6.6.jar;C:\Users\isold\Downloads\slf4j-simple-1.7.2.jar;C:\Users\isold\Downloads\xuggle-xuggler-noarch-5.4.jar;C:\Users\isold\Documents\NetBeansProjects\Seguranca\build\classes
Launcher Type: SUN_STANDARD

Environment Variables:
PATH=C:\Program Files (x86)\NVIDIA Corporation\PhysX\Common;C:\ProgramData\Oracle\Java\javapath;C:\Inprise\vbroker\bin;C:\WINDOWS\system32;C:\WINDOWS;C:\WINDOWS\System32\Wbem;C:\WINDOWS\System32\WindowsPowerShell\v1.0\;C:\Program Files (x86)\GtkSharp\2.12\bin;C:\Program Files (x86)\MySQL\MySQL Fabric 1.5 & MySQL Utilities 1.5\;C:\Program Files (x86)\MySQL\MySQL Fabric 1.5 & MySQL Utilities 1.5\Doctrine extensions for PHP\;C:\Program Files\MySQL\MySQL Server 5.5\bin\;C:\Users\isold\AppData\Local\Microsoft\WindowsApps;
USERNAME=isold
OS=Windows_NT
PROCESSOR_IDENTIFIER=Intel64 Family 6 Model 58 Stepping 9, GenuineIntel



---------------  S Y S T E M  ---------------

OS: Windows 10.0 , 64 bit Build 14393 (10.0.14393.0)

CPU:total 4 (2 cores per cpu, 2 threads per core) family 6 model 58 stepping 9, cmov, cx8, fxsr, mmx, sse, sse2, sse3, ssse3, sse4.1, sse4.2, popcnt, avx, aes, clmul, erms, ht, tsc, tscinvbit, tscinv

Memory: 4k page, physical 6166240k(2759820k free), swap 7542496k(3458228k free)

vm_info: Java HotSpot(TM) 64-Bit Server VM (25.71-b15) for windows-amd64 JRE (1.8.0_71-b15), built on Dec 22 2015 18:15:55 by "java_re" with MS VC++ 10.0 (VS2010)

time: Tue Dec 13 22:37:49 2016
elapsed time: 18 seconds (0d 0h 0m 18s)

