#
# A fatal error has been detected by the Java Runtime Environment:
#
#  EXCEPTION_ACCESS_VIOLATION (0xc0000005) at pc=0x00007fff85671089, pid=6288, tid=7416
#
# JRE version: Java(TM) SE Runtime Environment (8.0_71-b15) (build 1.8.0_71-b15)
# Java VM: Java HotSpot(TM) 64-Bit Server VM (25.71-b15 mixed mode windows-amd64 compressed oops)
# Problematic frame:
# C  [opencv_java2411.dll+0x1089]
#
# Failed to write core dump. Minidumps are not enabled by default on client versions of Windows
#
# If you would like to submit a bug report, please visit:
#   http://bugreport.java.com/bugreport/crash.jsp
# The crash happened outside the Java Virtual Machine in native code.
# See problematic frame for where to report the bug.
#

---------------  T H R E A D  ---------------

Current thread (0x0000000003376000):  JavaThread "Finalizer" daemon [_thread_in_native, id=7416, stack(0x0000000017e40000,0x0000000017f40000)]

siginfo: ExceptionCode=0xc0000005, reading address 0x000000680000008b

Registers:
RAX=0x0000000100060828, RBX=0x0000006800000073, RCX=0x0000006800000073, RDX=0x0000000017f3f220
RSP=0x0000000017f3f170, RBP=0x0000000017f3f230, RSI=0x0000000016250c10, RDI=0x00000000000002c8
R8 =0x0000006800000073, R9 =0x0000000012231000, R10=0x00007fff8567b960, R11=0x0000000100029aa8
R12=0x0000000000000000, R13=0x00000000036b8164, R14=0x0000000017f3f220, R15=0x0000000003376000
RIP=0x00007fff85671089, EFLAGS=0x0000000000010202

Top of Stack: (sp=0x0000000017f3f170)
0x0000000017f3f170:   00000000036b8164 0000000000000000
0x0000000017f3f180:   000000000337223a 0000000003376000
0x0000000017f3f190:   0000006800000073 00007fff8567b975
0x0000000017f3f1a0:   0000000017f3f2e0 00000000a1fa8378
0x0000000017f3f1b0:   00000000a1fa8378 0000000003376000
0x0000000017f3f1c0:   000000001666e988 0000000003599f83
0x0000000017f3f1d0:   0000000016bb9e18 0000000003376000
0x0000000017f3f1e0:   0000000017f3f2e0 000000000358c4b5
0x0000000017f3f1f0:   0000000016bb6f00 000000005ecd9b39
0x0000000017f3f200:   0000000017f3f518 0000000003376000
0x0000000017f3f210:   00000000a1fa8398 00000000166b9ea8
0x0000000017f3f220:   00000000a1fb2070 000000000347f9c9
0x0000000017f3f230:   00000000ee6d7d40 0000000003553c98
0x0000000017f3f240:   0000000016250c10 00000000036b8164
0x0000000017f3f250:   00000000a1fa8398 00000000036b8164
0x0000000017f3f260:   0000000003376000 00000000a3152980 

Instructions: (pc=0x00007fff85671089)
0x00007fff85671069:   48 8b c7 48 8b 5c 24 48 48 83 c4 30 5f c3 cc cc
0x00007fff85671079:   cc cc cc cc cc cc cc 40 53 48 83 ec 20 48 8b d9
0x00007fff85671089:   48 8b 49 18 48 85 c9 74 15 83 ca ff e8 46 cf 06
0x00007fff85671099:   00 83 f8 01 75 08 48 8b cb e8 c9 c2 03 00 45 33 


Register to memory mapping:

RAX=0x0000000100060828 is pointing into metadata
RBX=0x0000006800000073 is an unknown value
RCX=0x0000006800000073 is an unknown value
RDX=0x0000000017f3f220 is pointing into the stack for thread: 0x0000000003376000
RSP=0x0000000017f3f170 is pointing into the stack for thread: 0x0000000003376000
RBP=0x0000000017f3f230 is pointing into the stack for thread: 0x0000000003376000
RSI={method} {0x0000000016250c18} 'finalize' '()V' in 'java/lang/Object'
RDI=0x00000000000002c8 is an unknown value
R8 =0x0000006800000073 is an unknown value
R9 =0x0000000012231000 is an unknown value
R10=0x00007fff8567b960 is an unknown value
R11=0x0000000100029aa8 is pointing into metadata
R12=0x0000000000000000 is an unknown value
R13=0x00000000036b8164 is at entry_point+644 in (nmethod*)0x00000000036b7d10
R14=0x0000000017f3f220 is pointing into the stack for thread: 0x0000000003376000
R15=0x0000000003376000 is a thread


Stack: [0x0000000017e40000,0x0000000017f40000],  sp=0x0000000017f3f170,  free space=1020k
Native frames: (J=compiled Java code, j=interpreted, Vv=VM code, C=native code)
C  [opencv_java2411.dll+0x1089]
C  [opencv_java2411.dll+0xb975]
C  0x0000000003599f83

Java frames: (J=compiled Java code, j=interpreted, Vv=VM code)
J 476  org.opencv.core.Mat.n_delete(J)V (0 bytes) @ 0x0000000003599f01 [0x0000000003599ec0+0x41]
J 638 C2 org.opencv.core.Mat.finalize()V (12 bytes) @ 0x0000000003553c98 [0x0000000003553c60+0x38]
J 1018% C2 java.lang.ref.Finalizer$FinalizerThread.run()V (55 bytes) @ 0x00000000036b8164 [0x00000000036b7ee0+0x284]
v  ~StubRoutines::call_stub

---------------  P R O C E S S  ---------------

Java Threads: ( => current thread )
  0x000000002b54d800 JavaThread "Thread-73" [_thread_in_native, id=4932, stack(0x000000003b700000,0x000000003b800000)]
  0x000000002b553800 JavaThread "Thread-72" [_thread_in_native, id=4632, stack(0x0000000039660000,0x0000000039760000)]
  0x000000002b54c000 JavaThread "Thread-71" [_thread_in_native, id=5296, stack(0x0000000035620000,0x0000000035720000)]
  0x000000002b552800 JavaThread "Thread-70" [_thread_in_native, id=5656, stack(0x0000000033580000,0x0000000033680000)]
  0x000000002b552000 JavaThread "Thread-69" [_thread_in_native, id=6360, stack(0x00000000324b0000,0x00000000325b0000)]
  0x000000002b54a800 JavaThread "Thread-68" [_thread_in_native, id=6408, stack(0x00000000322b0000,0x00000000323b0000)]
  0x000000002b54c800 JavaThread "Thread-67" [_thread_in_native, id=4108, stack(0x00000000321b0000,0x00000000322b0000)]
  0x000000002b551000 JavaThread "Thread-66" [_thread_in_native, id=6348, stack(0x00000000320b0000,0x00000000321b0000)]
  0x000000002b550800 JavaThread "Thread-65" [_thread_in_native, id=7248, stack(0x0000000031fb0000,0x00000000320b0000)]
  0x000000002b54f800 JavaThread "Thread-64" [_thread_in_native, id=6356, stack(0x0000000031eb0000,0x0000000031fb0000)]
  0x000000002b54f000 JavaThread "Thread-63" [_thread_in_native, id=7380, stack(0x0000000030de0000,0x0000000030ee0000)]
  0x000000002b54b000 JavaThread "Thread-62" [_thread_in_native, id=5068, stack(0x0000000030ce0000,0x0000000030de0000)]
  0x000000002b54e000 JavaThread "Thread-61" [_thread_in_native, id=6632, stack(0x0000000030be0000,0x0000000030ce0000)]
  0x000000001a3a2000 JavaThread "Thread-60" [_thread_blocked, id=656, stack(0x0000000030ae0000,0x0000000030be0000)]
  0x000000001a54d800 JavaThread "Thread-59" [_thread_in_native, id=6584, stack(0x00000000309e0000,0x0000000030ae0000)]
  0x000000001a54e800 JavaThread "Thread-58" [_thread_in_native, id=6556, stack(0x00000000308e0000,0x00000000309e0000)]
  0x000000001a54c000 JavaThread "Thread-57" [_thread_in_native, id=6560, stack(0x000000002f810000,0x000000002f910000)]
  0x000000001a54b800 JavaThread "Thread-56" [_thread_in_native, id=6552, stack(0x000000002d770000,0x000000002d870000)]
  0x000000001a54d000 JavaThread "Thread-55" [_thread_in_native, id=6548, stack(0x000000002c6a0000,0x000000002c7a0000)]
  0x000000001a54a800 JavaThread "Thread-54" [_thread_in_native, id=6528, stack(0x000000002c5a0000,0x000000002c6a0000)]
  0x000000001a543000 JavaThread "Thread-53" [_thread_in_native, id=6520, stack(0x000000002c4a0000,0x000000002c5a0000)]
  0x000000001a549000 JavaThread "Thread-52" [_thread_in_native, id=6504, stack(0x000000002b3d0000,0x000000002b4d0000)]
  0x000000001a548800 JavaThread "Thread-51" [_thread_in_native, id=6496, stack(0x000000002b2d0000,0x000000002b3d0000)]
  0x000000001a547800 JavaThread "Thread-50" [_thread_blocked, id=7356, stack(0x000000002b1d0000,0x000000002b2d0000)]
  0x000000001a54a000 JavaThread "Thread-49" [_thread_in_native, id=6500, stack(0x000000002b0d0000,0x000000002b1d0000)]
  0x000000001a540000 JavaThread "Thread-48" [_thread_in_native, id=6492, stack(0x000000002afd0000,0x000000002b0d0000)]
  0x000000001a542800 JavaThread "Thread-47" [_thread_in_native, id=6484, stack(0x000000002aed0000,0x000000002afd0000)]
  0x000000001a547000 JavaThread "Thread-46" [_thread_in_native, id=6488, stack(0x0000000029e00000,0x0000000029f00000)]
  0x000000001a53f800 JavaThread "Thread-45" [_thread_in_native, id=6436, stack(0x0000000027d60000,0x0000000027e60000)]
  0x000000001a546000 JavaThread "Thread-44" [_thread_blocked, id=6428, stack(0x0000000027c60000,0x0000000027d60000)]
  0x000000001a545800 JavaThread "Thread-43" [_thread_blocked, id=3300, stack(0x0000000027b60000,0x0000000027c60000)]
  0x000000001a541800 JavaThread "Thread-42" [_thread_in_native, id=2888, stack(0x0000000027a60000,0x0000000027b60000)]
  0x000000001a544000 JavaThread "Thread-41" [_thread_in_native, id=620, stack(0x0000000027960000,0x0000000027a60000)]
  0x000000001a544800 JavaThread "Thread-40" [_thread_in_native, id=2404, stack(0x0000000026890000,0x0000000026990000)]
  0x000000001a541000 JavaThread "Thread-39" [_thread_blocked, id=468, stack(0x00000000247f0000,0x00000000248f0000)]
  0x000000001a3da000 JavaThread "Thread-38" [_thread_in_native, id=972, stack(0x00000000246f0000,0x00000000247f0000)]
  0x000000001a3d9800 JavaThread "Thread-37" [_thread_in_native, id=824, stack(0x00000000245f0000,0x00000000246f0000)]
  0x000000001a3d4000 JavaThread "Thread-36" [_thread_in_native, id=4616, stack(0x00000000244f0000,0x00000000245f0000)]
  0x000000001a3d8800 JavaThread "Thread-35" [_thread_in_native, id=3444, stack(0x0000000023420000,0x0000000023520000)]
  0x000000001a3d7000 JavaThread "Thread-34" [_thread_in_native, id=884, stack(0x0000000022350000,0x0000000022450000)]
  0x000000001a3d8000 JavaThread "Thread-33" [_thread_blocked, id=4452, stack(0x0000000022250000,0x0000000022350000)]
  0x000000001a3d5800 JavaThread "Thread-32" [_thread_blocked, id=3852, stack(0x0000000022150000,0x0000000022250000)]
  0x000000001a3d5000 JavaThread "Thread-31" [_thread_in_native, id=3844, stack(0x0000000022050000,0x0000000022150000)]
  0x000000001a3d3000 JavaThread "Thread-30" [_thread_in_native, id=3900, stack(0x0000000021f50000,0x0000000022050000)]
  0x000000001a3d6800 JavaThread "Thread-29" [_thread_in_native, id=860, stack(0x0000000021e50000,0x0000000021f50000)]
  0x000000001a40a800 JavaThread "Thread-28" [_thread_blocked, id=500, stack(0x0000000021d50000,0x0000000021e50000)]
  0x000000001a40a000 JavaThread "Thread-27" [_thread_in_native, id=4636, stack(0x0000000020c80000,0x0000000020d80000)]
  0x000000001a40c000 JavaThread "Thread-26" [_thread_in_native, id=6152, stack(0x0000000020b80000,0x0000000020c80000)]
  0x000000001a40b800 JavaThread "Thread-25" [_thread_in_native, id=4692, stack(0x0000000020a80000,0x0000000020b80000)]
  0x000000001a409000 JavaThread "Thread-24" [_thread_in_native, id=7828, stack(0x0000000020980000,0x0000000020a80000)]
  0x000000001a405800 JavaThread "Thread-23" [_thread_blocked, id=7840, stack(0x0000000020880000,0x0000000020980000)]
  0x000000001a407800 JavaThread "Thread-22" [_thread_in_native, id=5652, stack(0x0000000020780000,0x0000000020880000)]
  0x000000001a407000 JavaThread "Thread-21" [_thread_in_native, id=3116, stack(0x0000000020680000,0x0000000020780000)]
  0x000000001a406000 JavaThread "Thread-20" [_thread_in_native, id=6412, stack(0x0000000020580000,0x0000000020680000)]
  0x000000001a408800 JavaThread "Thread-19" [_thread_in_native, id=7304, stack(0x0000000020480000,0x0000000020580000)]
  0x000000001a3a5000 JavaThread "Thread-18" [_thread_in_native, id=6432, stack(0x0000000020380000,0x0000000020480000)]
  0x000000001a3a4800 JavaThread "Thread-17" [_thread_in_native, id=2520, stack(0x000000001f2b0000,0x000000001f3b0000)]
  0x000000001a3a3000 JavaThread "Thread-16" [_thread_in_native, id=7188, stack(0x000000001efb0000,0x000000001f0b0000)]
  0x000000001a3a7800 JavaThread "AWT-EventQueue-0" [_thread_blocked, id=6880, stack(0x000000001eeb0000,0x000000001efb0000)]
  0x000000001a3a3800 JavaThread "AWT-Windows" daemon [_thread_in_native, id=4992, stack(0x000000001e6a0000,0x000000001e7a0000)]
  0x000000001a3a0800 JavaThread "AWT-Shutdown" [_thread_blocked, id=7868, stack(0x000000001e5a0000,0x000000001e6a0000)]
  0x000000001a3a6800 JavaThread "Thread-13" [_thread_in_native, id=1124, stack(0x000000001e4a0000,0x000000001e5a0000)]
  0x000000001a3a6000 JavaThread "Thread-12" [_thread_in_native, id=7048, stack(0x000000001e3a0000,0x000000001e4a0000)]
  0x000000001a3a1800 JavaThread "Thread-11" [_thread_in_native, id=7020, stack(0x000000001e2a0000,0x000000001e3a0000)]
  0x000000001a3aa000 JavaThread "Thread-10" [_thread_in_native, id=7024, stack(0x000000001d1d0000,0x000000001d2d0000)]
  0x000000001a3f4000 JavaThread "Thread-9" [_thread_in_native, id=6164, stack(0x000000001d0d0000,0x000000001d1d0000)]
  0x000000001a3a9000 JavaThread "Thread-8" [_thread_in_native, id=6312, stack(0x000000001cfd0000,0x000000001d0d0000)]
  0x000000001a39c000 JavaThread "Thread-7" [_thread_blocked, id=6592, stack(0x000000001ced0000,0x000000001cfd0000)]
  0x000000001a3f3000 JavaThread "Thread-6" [_thread_in_native, id=6200, stack(0x000000001cdd0000,0x000000001ced0000)]
  0x000000001a3ea000 JavaThread "Thread-5" [_thread_in_native, id=6228, stack(0x000000001bd00000,0x000000001be00000)]
  0x000000001a38c000 JavaThread "Thread-4" [_thread_blocked, id=5044, stack(0x000000001bc00000,0x000000001bd00000)]
  0x000000001a3ad800 JavaThread "Thread-3" [_thread_blocked, id=7876, stack(0x000000001b500000,0x000000001b600000)]
  0x000000001a359000 JavaThread "Thread-2" [_thread_in_native, id=5084, stack(0x000000001b400000,0x000000001b500000)]
  0x00000000188dc000 JavaThread "Java2D Disposer" daemon [_thread_blocked, id=6900, stack(0x000000001ab00000,0x000000001ac00000)]
  0x000000001860b800 JavaThread "Thread-0" [_thread_in_native, id=4220, stack(0x0000000019cd0000,0x0000000019dd0000)]
  0x0000000018546000 JavaThread "Service Thread" daemon [_thread_blocked, id=6748, stack(0x0000000018930000,0x0000000018a30000)]
  0x0000000016bf8800 JavaThread "C1 CompilerThread2" daemon [_thread_blocked, id=6744, stack(0x0000000018430000,0x0000000018530000)]
  0x0000000016bf0000 JavaThread "C2 CompilerThread1" daemon [_thread_blocked, id=6708, stack(0x0000000018330000,0x0000000018430000)]
  0x0000000016bed800 JavaThread "C2 CompilerThread0" daemon [_thread_blocked, id=6712, stack(0x0000000018230000,0x0000000018330000)]
  0x0000000016beb000 JavaThread "Attach Listener" daemon [_thread_blocked, id=6720, stack(0x0000000018130000,0x0000000018230000)]
  0x0000000016bea000 JavaThread "Signal Dispatcher" daemon [_thread_blocked, id=7432, stack(0x0000000018030000,0x0000000018130000)]
=>0x0000000003376000 JavaThread "Finalizer" daemon [_thread_in_native, id=7416, stack(0x0000000017e40000,0x0000000017f40000)]
  0x0000000016bb9000 JavaThread "Reference Handler" daemon [_thread_blocked, id=6688, stack(0x0000000017d40000,0x0000000017e40000)]
  0x0000000003280800 JavaThread "main" [_thread_in_native, id=6628, stack(0x00000000030d0000,0x00000000031d0000)]

Other Threads:
  0x0000000016bb7800 VMThread [stack: 0x0000000017c40000,0x0000000017d40000] [id=6684]
  0x000000001856b800 WatcherThread [stack: 0x0000000018a30000,0x0000000018b30000] [id=6752]

VM state:not at safepoint (normal execution)

VM Mutex/Monitor currently owned by a thread: None

Heap:
 PSYoungGen      total 212480K, used 18003K [0x00000000e0a00000, 0x00000000eed80000, 0x0000000100000000)
  eden space 196608K, 2% used [0x00000000e0a00000,0x00000000e0ec7648,0x00000000eca00000)
  from space 15872K, 82% used [0x00000000edb00000,0x00000000ee7cd8d8,0x00000000eea80000)
  to   space 17408K, 0% used [0x00000000eca00000,0x00000000eca00000,0x00000000edb00000)
 ParOldGen       total 65536K, used 28557K [0x00000000a1e00000, 0x00000000a5e00000, 0x00000000e0a00000)
  object space 65536K, 43% used [0x00000000a1e00000,0x00000000a39e35d0,0x00000000a5e00000)
 Metaspace       used 11989K, capacity 12222K, committed 12544K, reserved 1060864K
  class space    used 1370K, capacity 1462K, committed 1536K, reserved 1048576K

Card table byte_map: [0x0000000012740000,0x0000000012a40000] byte_map_base: 0x0000000012231000

Marking Bits: (ParMarkBitMap*) 0x000000005f2bf600
 Begin Bits: [0x0000000013040000, 0x00000000147c8000)
 End Bits:   [0x00000000147c8000, 0x0000000015f50000)

Polling page: 0x0000000001840000

CodeCache: size=245760Kb used=4138Kb max_used=4138Kb free=241621Kb
 bounds [0x0000000003380000, 0x0000000003790000, 0x0000000012380000]
 total_blobs=1824 nmethods=1150 adapters=586
 compilation: enabled

Compilation events (10 events):
Event: 18.811 Thread 0x0000000016bf8800 1251       3       com.sun.imageio.plugins.jpeg.SOFMarkerSegment::write (1 bytes)
Event: 18.811 Thread 0x0000000016bf8800 nmethod 1251 0x000000000378d7d0 code [0x000000000378d920, 0x000000000378da70]
Event: 18.811 Thread 0x0000000016bf8800 1252       3       com.sun.imageio.plugins.jpeg.SOSMarkerSegment::write (1 bytes)
Event: 18.811 Thread 0x0000000016bf8800 nmethod 1252 0x000000000378dad0 code [0x000000000378dc20, 0x000000000378dd70]
Event: 18.838 Thread 0x0000000016bf8800 1254       3       javax.imageio.IIOImage::<init> (44 bytes)
Event: 18.839 Thread 0x0000000016bf8800 nmethod 1254 0x000000000378ddd0 code [0x000000000378df40, 0x000000000378e248]
Event: 18.839 Thread 0x0000000016bf8800 1253       3       Servidor.EnviarVideo::access$208 (10 bytes)
Event: 18.839 Thread 0x0000000016bf8800 nmethod 1253 0x000000000378e350 code [0x000000000378e4a0, 0x000000000378e5f0]
Event: 18.950 Thread 0x0000000016bf8800 1255       1       Servidor.EnviarVideo::access$100 (4 bytes)
Event: 18.950 Thread 0x0000000016bf8800 nmethod 1255 0x000000000378e650 code [0x000000000378e7a0, 0x000000000378e890]

GC Heap History (10 events):
Event: 15.034 GC heap before
{Heap before GC invocations=14 (full 0):
 PSYoungGen      total 65536K, used 62992K [0x00000000e0a00000, 0x00000000e7500000, 0x0000000100000000)
  eden space 56832K, 100% used [0x00000000e0a00000,0x00000000e4180000,0x00000000e4180000)
  from space 8704K, 70% used [0x00000000e4180000,0x00000000e4784050,0x00000000e4a00000)
  to   space 9216K, 0% used [0x00000000e6c00000,0x00000000e6c00000,0x00000000e7500000)
 ParOldGen       total 65536K, used 11473K [0x00000000a1e00000, 0x00000000a5e00000, 0x00000000e0a00000)
  object space 65536K, 17% used [0x00000000a1e00000,0x00000000a2934450,0x00000000a5e00000)
 Metaspace       used 11730K, capacity 11948K, committed 12288K, reserved 1060864K
  class space    used 1364K, capacity 1459K, committed 1536K, reserved 1048576K
Event: 15.059 GC heap after
Heap after GC invocations=14 (full 0):
 PSYoungGen      total 98304K, used 9200K [0x00000000e0a00000, 0x00000000e7900000, 0x0000000100000000)
  eden space 89088K, 0% used [0x00000000e0a00000,0x00000000e0a00000,0x00000000e6100000)
  from space 9216K, 99% used [0x00000000e6c00000,0x00000000e74fc040,0x00000000e7500000)
  to   space 11264K, 0% used [0x00000000e6100000,0x00000000e6100000,0x00000000e6c00000)
 ParOldGen       total 65536K, used 13885K [0x00000000a1e00000, 0x00000000a5e00000, 0x00000000e0a00000)
  object space 65536K, 21% used [0x00000000a1e00000,0x00000000a2b8f4a0,0x00000000a5e00000)
 Metaspace       used 11730K, capacity 11948K, committed 12288K, reserved 1060864K
  class space    used 1364K, capacity 1459K, committed 1536K, reserved 1048576K
}
Event: 16.331 GC heap before
{Heap before GC invocations=15 (full 0):
 PSYoungGen      total 98304K, used 98288K [0x00000000e0a00000, 0x00000000e7900000, 0x0000000100000000)
  eden space 89088K, 100% used [0x00000000e0a00000,0x00000000e6100000,0x00000000e6100000)
  from space 9216K, 99% used [0x00000000e6c00000,0x00000000e74fc040,0x00000000e7500000)
  to   space 11264K, 0% used [0x00000000e6100000,0x00000000e6100000,0x00000000e6c00000)
 ParOldGen       total 65536K, used 13887K [0x00000000a1e00000, 0x00000000a5e00000, 0x00000000e0a00000)
  object space 65536K, 21% used [0x00000000a1e00000,0x00000000a2b8fc30,0x00000000a5e00000)
 Metaspace       used 11802K, capacity 12012K, committed 12288K, reserved 1060864K
  class space    used 1365K, capacity 1459K, committed 1536K, reserved 1048576K
Event: 16.367 GC heap after
Heap after GC invocations=15 (full 0):
 PSYoungGen      total 100352K, used 11248K [0x00000000e0a00000, 0x00000000eb080000, 0x0000000100000000)
  eden space 89088K, 0% used [0x00000000e0a00000,0x00000000e0a00000,0x00000000e6100000)
  from space 11264K, 99% used [0x00000000e6100000,0x00000000e6bfc078,0x00000000e6c00000)
  to   space 13824K, 0% used [0x00000000ea300000,0x00000000ea300000,0x00000000eb080000)
 ParOldGen       total 65536K, used 16155K [0x00000000a1e00000, 0x00000000a5e00000, 0x00000000e0a00000)
  object space 65536K, 24% used [0x00000000a1e00000,0x00000000a2dc6c50,0x00000000a5e00000)
 Metaspace       used 11802K, capacity 12012K, committed 12288K, reserved 1060864K
  class space    used 1365K, capacity 1459K, committed 1536K, reserved 1048576K
}
Event: 17.444 GC heap before
{Heap before GC invocations=16 (full 0):
 PSYoungGen      total 100352K, used 100336K [0x00000000e0a00000, 0x00000000eb080000, 0x0000000100000000)
  eden space 89088K, 100% used [0x00000000e0a00000,0x00000000e6100000,0x00000000e6100000)
  from space 11264K, 99% used [0x00000000e6100000,0x00000000e6bfc078,0x00000000e6c00000)
  to   space 13824K, 0% used [0x00000000ea300000,0x00000000ea300000,0x00000000eb080000)
 ParOldGen       total 65536K, used 16159K [0x00000000a1e00000, 0x00000000a5e00000, 0x00000000e0a00000)
  object space 65536K, 24% used [0x00000000a1e00000,0x00000000a2dc7c38,0x00000000a5e00000)
 Metaspace       used 11812K, capacity 12076K, committed 12288K, reserved 1060864K
  class space    used 1365K, capacity 1459K, committed 1536K, reserved 1048576K
Event: 17.477 GC heap after
Heap after GC invocations=16 (full 0):
 PSYoungGen      total 155136K, used 12812K [0x00000000e0a00000, 0x00000000eb380000, 0x0000000100000000)
  eden space 141312K, 0% used [0x00000000e0a00000,0x00000000e0a00000,0x00000000e9400000)
  from space 13824K, 92% used [0x00000000ea300000,0x00000000eaf83068,0x00000000eb080000)
  to   space 15360K, 0% used [0x00000000e9400000,0x00000000e9400000,0x00000000ea300000)
 ParOldGen       total 65536K, used 16191K [0x00000000a1e00000, 0x00000000a5e00000, 0x00000000e0a00000)
  object space 65536K, 24% used [0x00000000a1e00000,0x00000000a2dcfc38,0x00000000a5e00000)
 Metaspace       used 11812K, capacity 12076K, committed 12288K, reserved 1060864K
  class space    used 1365K, capacity 1459K, committed 1536K, reserved 1048576K
}
Event: 17.510 GC heap before
{Heap before GC invocations=17 (full 0):
 PSYoungGen      total 155136K, used 16071K [0x00000000e0a00000, 0x00000000eb380000, 0x0000000100000000)
  eden space 141312K, 2% used [0x00000000e0a00000,0x00000000e0d2ed00,0x00000000e9400000)
  from space 13824K, 92% used [0x00000000ea300000,0x00000000eaf83068,0x00000000eb080000)
  to   space 15360K, 0% used [0x00000000e9400000,0x00000000e9400000,0x00000000ea300000)
 ParOldGen       total 65536K, used 16191K [0x00000000a1e00000, 0x00000000a5e00000, 0x00000000e0a00000)
  object space 65536K, 24% used [0x00000000a1e00000,0x00000000a2dcfc38,0x00000000a5e00000)
 Metaspace       used 11812K, capacity 12076K, committed 12288K, reserved 1060864K
  class space    used 1365K, capacity 1459K, committed 1536K, reserved 1048576K
Event: 17.525 GC heap after
Heap after GC invocations=17 (full 0):
 PSYoungGen      total 156672K, used 384K [0x00000000e0a00000, 0x00000000eea80000, 0x0000000100000000)
  eden space 141312K, 0% used [0x00000000e0a00000,0x00000000e0a00000,0x00000000e9400000)
  from space 15360K, 2% used [0x00000000e9400000,0x00000000e9460000,0x00000000ea300000)
  to   space 15872K, 0% used [0x00000000edb00000,0x00000000edb00000,0x00000000eea80000)
 ParOldGen       total 65536K, used 28323K [0x00000000a1e00000, 0x00000000a5e00000, 0x00000000e0a00000)
  object space 65536K, 43% used [0x00000000a1e00000,0x00000000a39a8d20,0x00000000a5e00000)
 Metaspace       used 11812K, capacity 12076K, committed 12288K, reserved 1060864K
  class space    used 1365K, capacity 1459K, committed 1536K, reserved 1048576K
}
Event: 19.358 GC heap before
{Heap before GC invocations=18 (full 0):
 PSYoungGen      total 156672K, used 141696K [0x00000000e0a00000, 0x00000000eea80000, 0x0000000100000000)
  eden space 141312K, 100% used [0x00000000e0a00000,0x00000000e9400000,0x00000000e9400000)
  from space 15360K, 2% used [0x00000000e9400000,0x00000000e9460000,0x00000000ea300000)
  to   space 15872K, 0% used [0x00000000edb00000,0x00000000edb00000,0x00000000eea80000)
 ParOldGen       total 65536K, used 28325K [0x00000000a1e00000, 0x00000000a5e00000, 0x00000000e0a00000)
  object space 65536K, 43% used [0x00000000a1e00000,0x00000000a39a94b0,0x00000000a5e00000)
 Metaspace       used 11989K, capacity 12222K, committed 12544K, reserved 1060864K
  class space    used 1370K, capacity 1462K, committed 1536K, reserved 1048576K
Event: 19.396 GC heap after
Heap after GC invocations=18 (full 0):
 PSYoungGen      total 212480K, used 13110K [0x00000000e0a00000, 0x00000000eed80000, 0x0000000100000000)
  eden space 196608K, 0% used [0x00000000e0a00000,0x00000000e0a00000,0x00000000eca00000)
  from space 15872K, 82% used [0x00000000edb00000,0x00000000ee7cd8d8,0x00000000eea80000)
  to   space 17408K, 0% used [0x00000000eca00000,0x00000000eca00000,0x00000000edb00000)
 ParOldGen       total 65536K, used 28557K [0x00000000a1e00000, 0x00000000a5e00000, 0x00000000e0a00000)
  object space 65536K, 43% used [0x00000000a1e00000,0x00000000a39e35d0,0x00000000a5e00000)
 Metaspace       used 11989K, capacity 12222K, committed 12544K, reserved 1060864K
  class space    used 1370K, capacity 1462K, committed 1536K, reserved 1048576K
}

Deoptimization events (10 events):
Event: 9.870 Thread 0x0000000016bb9000 Uncommon trap: reason=class_check action=maybe_recompile pc=0x000000000355af2c method=java.lang.ref.ReferenceQueue.enqueue(Ljava/lang/ref/Reference;)Z @ 91
Event: 13.189 Thread 0x0000000003376000 Uncommon trap: reason=unstable_if action=reinterpret pc=0x000000000357edf4 method=java.lang.ref.Finalizer.remove()V @ 10
Event: 13.189 Thread 0x0000000003376000 Uncommon trap: reason=unstable_if action=reinterpret pc=0x000000000359c39c method=java.lang.ref.Finalizer.remove()V @ 10
Event: 13.189 Thread 0x0000000003376000 Uncommon trap: reason=unstable_if action=reinterpret pc=0x00000000036159c4 method=java.lang.ref.Finalizer.remove()V @ 10
Event: 13.189 Thread 0x0000000003376000 Uncommon trap: reason=unstable_if action=reinterpret pc=0x00000000036176e8 method=java.lang.ref.Finalizer.remove()V @ 10
Event: 17.526 Thread 0x000000001a3d8000 Uncommon trap: reason=unstable_if action=reinterpret pc=0x000000000362f134 method=org.opencv.core.Mat.<init>(J)V @ 7
Event: 17.527 Thread 0x000000001a546000 Uncommon trap: reason=unstable_if action=reinterpret pc=0x000000000362f134 method=org.opencv.core.Mat.<init>(J)V @ 7
Event: 17.528 Thread 0x000000001a547800 Uncommon trap: reason=unstable_if action=reinterpret pc=0x000000000362f134 method=org.opencv.core.Mat.<init>(J)V @ 7
Event: 17.529 Thread 0x000000001a3a2000 Uncommon trap: reason=unstable_if action=reinterpret pc=0x000000000362f134 method=org.opencv.core.Mat.<init>(J)V @ 7
Event: 17.529 Thread 0x000000001a40a800 Uncommon trap: reason=unstable_if action=reinterpret pc=0x000000000362f134 method=org.opencv.core.Mat.<init>(J)V @ 7

Internal exceptions (10 events):
Event: 5.450 Thread 0x0000000003280800 Implicit null exception at 0x00000000034fb6e2 to 0x00000000034fb8a9
Event: 8.796 Thread 0x000000001a38c000 Exception <a 'java/io/FileNotFoundException'> (0x00000000e0d7d4f0) thrown at [C:\re\workspace\8-2-build-windows-amd64-cygwin\jdk8u71\5731\hotspot\src\share\vm\prims\jni.cpp, line 709]
Event: 8.851 Thread 0x000000001a38c000 Exception <a 'java/io/FileNotFoundException'> (0x00000000e15a2b70) thrown at [C:\re\workspace\8-2-build-windows-amd64-cygwin\jdk8u71\5731\hotspot\src\share\vm\prims\jni.cpp, line 709]
Event: 9.350 Thread 0x0000000003376000 Implicit null exception at 0x000000000359caa1 to 0x000000000359ccf5
Event: 14.691 Thread 0x000000001a541000 Exception <a 'java/io/FileNotFoundException'> (0x00000000e1372938) thrown at [C:\re\workspace\8-2-build-windows-amd64-cygwin\jdk8u71\5731\hotspot\src\share\vm\prims\jni.cpp, line 709]
Event: 14.691 Thread 0x000000001a39c000 Exception <a 'java/io/FileNotFoundException'> (0x00000000e1257288) thrown at [C:\re\workspace\8-2-build-windows-amd64-cygwin\jdk8u71\5731\hotspot\src\share\vm\prims\jni.cpp, line 709]
Event: 14.691 Thread 0x000000001a545800 Exception <a 'java/io/FileNotFoundException'> (0x00000000e1c41d58) thrown at [C:\re\workspace\8-2-build-windows-amd64-cygwin\jdk8u71\5731\hotspot\src\share\vm\prims\jni.cpp, line 709]
Event: 14.691 Thread 0x000000001a3d5800 Exception <a 'java/io/FileNotFoundException'> (0x00000000e1261038) thrown at [C:\re\workspace\8-2-build-windows-amd64-cygwin\jdk8u71\5731\hotspot\src\share\vm\prims\jni.cpp, line 709]
Event: 14.691 Thread 0x000000001a405800 Exception <a 'java/io/FileNotFoundException'> (0x00000000e1f91a68) thrown at [C:\re\workspace\8-2-build-windows-amd64-cygwin\jdk8u71\5731\hotspot\src\share\vm\prims\jni.cpp, line 709]
Event: 17.549 Thread 0x000000001a3ad800 Exception <a 'java/lang/Exception': unknown exception> (0x00000000e0b42fa0) thrown at [C:\re\workspace\8-2-build-windows-amd64-cygwin\jdk8u71\5731\hotspot\src\share\vm\prims\jni.cpp, line 735]

Events (10 events):
Event: 18.434 Thread 0x000000001a407800 DEOPT UNPACKING pc=0x00000000033c787f sp=0x000000002087ef68 mode 0
Event: 18.527 Thread 0x000000002b552000 Thread added: 0x000000002b552000
Event: 18.700 Thread 0x000000002b552800 Thread added: 0x000000002b552800
Event: 18.880 Thread 0x000000002b54c000 Thread added: 0x000000002b54c000
Event: 19.148 Thread 0x000000002b553800 Thread added: 0x000000002b553800
Event: 19.323 Thread 0x000000002b54d800 Thread added: 0x000000002b54d800
Event: 19.356 Executing VM operation: ParallelGCFailedAllocation
Event: 19.358 Executing VM operation: ParallelGCFailedAllocation done
Event: 19.358 Executing VM operation: ParallelGCSystemGC
Event: 19.396 Executing VM operation: ParallelGCSystemGC done


Dynamic libraries:
0x00007ff757170000 - 0x00007ff7571a7000 	C:\Program Files\Java\jdk1.8.0_71\bin\java.exe
0x00007fffb7f50000 - 0x00007fffb8121000 	C:\WINDOWS\SYSTEM32\ntdll.dll
0x00007fffb5be0000 - 0x00007fffb5c8b000 	C:\WINDOWS\System32\KERNEL32.DLL
0x00007fffb4440000 - 0x00007fffb465d000 	C:\WINDOWS\System32\KERNELBASE.dll
0x00007fffb59f0000 - 0x00007fffb5a92000 	C:\WINDOWS\System32\ADVAPI32.dll
0x00007fffb7eb0000 - 0x00007fffb7f4e000 	C:\WINDOWS\System32\msvcrt.dll
0x00007fffb7cd0000 - 0x00007fffb7d29000 	C:\WINDOWS\System32\sechost.dll
0x00007fffb5aa0000 - 0x00007fffb5bc1000 	C:\WINDOWS\System32\RPCRT4.dll
0x00007fffb5740000 - 0x00007fffb58a5000 	C:\WINDOWS\System32\USER32.dll
0x00007fffb54c0000 - 0x00007fffb54de000 	C:\WINDOWS\System32\win32u.dll
0x00007fffb58b0000 - 0x00007fffb58e4000 	C:\WINDOWS\System32\GDI32.dll
0x00007fffb4fa0000 - 0x00007fffb5122000 	C:\WINDOWS\System32\gdi32full.dll
0x00007fffa4880000 - 0x00007fffa4af9000 	C:\WINDOWS\WinSxS\amd64_microsoft.windows.common-controls_6595b64144ccf1df_6.0.14393.447_none_42191651c6827bb3\COMCTL32.dll
0x00007fffb6310000 - 0x00007fffb65d8000 	C:\WINDOWS\System32\combase.dll
0x00007fffb51a0000 - 0x00007fffb5295000 	C:\WINDOWS\System32\ucrtbase.dll
0x00007fffb5130000 - 0x00007fffb519a000 	C:\WINDOWS\System32\bcryptPrimitives.dll
0x00007fffb7e70000 - 0x00007fffb7e9e000 	C:\WINDOWS\System32\IMM32.DLL
0x000000005e9d0000 - 0x000000005eaa2000 	C:\Program Files\Java\jdk1.8.0_71\jre\bin\msvcr100.dll
0x000000005eab0000 - 0x000000005f33f000 	C:\Program Files\Java\jdk1.8.0_71\jre\bin\server\jvm.dll
0x00007fffb5bd0000 - 0x00007fffb5bd8000 	C:\WINDOWS\System32\PSAPI.DLL
0x00007fffa1440000 - 0x00007fffa1449000 	C:\WINDOWS\SYSTEM32\WSOCK32.dll
0x00007fffb2250000 - 0x00007fffb2273000 	C:\WINDOWS\SYSTEM32\WINMM.dll
0x00007fffb66e0000 - 0x00007fffb674a000 	C:\WINDOWS\System32\WS2_32.dll
0x00007fffa98e0000 - 0x00007fffa98ea000 	C:\WINDOWS\SYSTEM32\VERSION.dll
0x00007fffb21f0000 - 0x00007fffb221b000 	C:\WINDOWS\SYSTEM32\WINMMBASE.dll
0x00007fffb5470000 - 0x00007fffb54b2000 	C:\WINDOWS\System32\cfgmgr32.dll
0x000000005e980000 - 0x000000005e98f000 	C:\Program Files\Java\jdk1.8.0_71\jre\bin\verify.dll
0x000000005e950000 - 0x000000005e979000 	C:\Program Files\Java\jdk1.8.0_71\jre\bin\java.dll
0x000000005e930000 - 0x000000005e946000 	C:\Program Files\Java\jdk1.8.0_71\jre\bin\zip.dll
0x00007fffb6750000 - 0x00007fffb7c59000 	C:\WINDOWS\System32\SHELL32.dll
0x00007fffb48c0000 - 0x00007fffb4f9a000 	C:\WINDOWS\System32\windows.storage.dll
0x00007fffb43d0000 - 0x00007fffb441c000 	C:\WINDOWS\System32\powrprof.dll
0x00007fffb56e0000 - 0x00007fffb5732000 	C:\WINDOWS\System32\shlwapi.dll
0x00007fffb4430000 - 0x00007fffb443f000 	C:\WINDOWS\System32\kernel.appcore.dll
0x00007fffb47b0000 - 0x00007fffb4859000 	C:\WINDOWS\System32\shcore.dll
0x00007fffb43b0000 - 0x00007fffb43c4000 	C:\WINDOWS\System32\profapi.dll
0x000000005e910000 - 0x000000005e92a000 	C:\Program Files\Java\jdk1.8.0_71\jre\bin\net.dll
0x00007fffb3b30000 - 0x00007fffb3b8c000 	C:\WINDOWS\system32\mswsock.dll
0x00007fff85670000 - 0x00007fff86043000 	C:\opencv\build\java\x64\opencv_java2411.dll
0x00007fffb7d30000 - 0x00007fffb7e67000 	C:\WINDOWS\System32\ole32.dll
0x00007fffa9980000 - 0x00007fffa99a9000 	C:\WINDOWS\SYSTEM32\MSVFW32.dll
0x00007fffa9960000 - 0x00007fffa9980000 	C:\WINDOWS\SYSTEM32\AVIFIL32.dll
0x00007fffa9940000 - 0x00007fffa9958000 	C:\WINDOWS\SYSTEM32\AVICAP32.dll
0x00007fffb5c90000 - 0x00007fffb5d4f000 	C:\WINDOWS\System32\OLEAUT32.dll
0x00007fffb4660000 - 0x00007fffb46fc000 	C:\WINDOWS\System32\msvcp_win.dll
0x00007fffa7ba0000 - 0x00007fffa7bbc000 	C:\WINDOWS\SYSTEM32\MSACM32.dll
0x00007fffb2b40000 - 0x00007fffb2bd5000 	C:\WINDOWS\system32\uxtheme.dll
0x00007fffb65e0000 - 0x00007fffb667f000 	C:\WINDOWS\System32\clbcatq.dll
0x00007fffa9380000 - 0x00007fffa9398000 	C:\Windows\System32\devenum.dll
0x00007fffb5ee0000 - 0x00007fffb6309000 	C:\WINDOWS\System32\setupapi.dll
0x00007fffb3760000 - 0x00007fffb3792000 	C:\WINDOWS\SYSTEM32\ntmarta.dll
0x00007fffb3080000 - 0x00007fffb30a8000 	C:\WINDOWS\SYSTEM32\DEVOBJ.dll
0x00007fffb4860000 - 0x00007fffb48b5000 	C:\WINDOWS\System32\WINTRUST.dll
0x00007fffb4420000 - 0x00007fffb4430000 	C:\WINDOWS\System32\MSASN1.dll
0x00007fffb52a0000 - 0x00007fffb5469000 	C:\WINDOWS\System32\CRYPT32.dll
0x00007fffaef30000 - 0x00007fffaef3a000 	C:\WINDOWS\SYSTEM32\msdmo.dll
0x00007fff94740000 - 0x00007fff94773000 	C:\Windows\System32\qcap.dll
0x00007fff86e10000 - 0x00007fff86fd3000 	C:\Windows\System32\quartz.dll
0x00007fffb4300000 - 0x00007fffb432b000 	C:\Windows\System32\bcrypt.dll
0x00007fffb5d50000 - 0x00007fffb5eab000 	C:\WINDOWS\System32\MSCTF.dll
0x00007fffb1ac0000 - 0x00007fffb1ae6000 	C:\WINDOWS\system32\dwmapi.dll
0x00007fff90980000 - 0x00007fff909c8000 	C:\Windows\System32\mfksproxy.dll
0x00007fffa9480000 - 0x00007fffa949c000 	C:\Windows\System32\ATL.DLL
0x00007fffa71b0000 - 0x00007fffa71fe000 	C:\Windows\System32\MFSENSORGROUP.dll
0x00007fffb0b20000 - 0x00007fffb0c88000 	C:\Windows\System32\MFPlat.DLL
0x00007fffb06a0000 - 0x00007fffb06ce000 	C:\Windows\System32\RTWorkQ.DLL
0x00007fff90930000 - 0x00007fff9097b000 	C:\Windows\System32\ksproxy.ax
0x00007fffb0360000 - 0x00007fffb0369000 	C:\Windows\System32\ksuser.dll
0x00007fff91810000 - 0x00007fff9199d000 	C:\Windows\System32\d3d9.dll
0x00007fffacdd0000 - 0x00007ffface13000 	C:\WINDOWS\SYSTEM32\policymanager.dll
0x00007fffb2e00000 - 0x00007fffb2e91000 	C:\Windows\System32\msvcp110_win.dll
0x00007fffa6c40000 - 0x00007fffa6c4d000 	C:\Windows\System32\vidcap.ax
0x00007fffa3ba0000 - 0x00007fffa3bc5000 	C:\Windows\System32\kswdmcap.ax
0x00007fff85500000 - 0x00007fff85663000 	C:\Windows\System32\MFC42.dll
0x00007fff86d60000 - 0x00007fff86e0f000 	C:\Windows\System32\ODBC32.dll
0x00007fffb3800000 - 0x00007fffb380a000 	C:\Windows\System32\DPAPI.dll
0x00007fff85450000 - 0x00007fff854f3000 	C:\Windows\System32\qedit.dll
0x00007fffb58f0000 - 0x00007fffb59ea000 	C:\WINDOWS\System32\COMDLG32.dll
0x00007fffa3a00000 - 0x00007fffa3b9a000 	C:\WINDOWS\WinSxS\amd64_microsoft.windows.gdiplus_6595b64144ccf1df_1.1.14393.321_none_72fe05dd211a5fae\gdiplus.dll
0x00007fff98bb0000 - 0x00007fff98ca7000 	C:\Windows\System32\DDRAW.dll
0x00007fffb04f0000 - 0x00007fffb04f8000 	C:\Windows\System32\DCIMAN32.dll
0x00007fffa5c30000 - 0x00007fffa5c3c000 	C:\WINDOWS\SYSTEM32\msyuv.dll
0x000000005e750000 - 0x000000005e8e8000 	C:\Program Files\Java\jdk1.8.0_71\jre\bin\awt.dll
0x00007fffb2960000 - 0x00007fffb29da000 	C:\WINDOWS\SYSTEM32\apphelp.dll
0x00007fffb3e20000 - 0x00007fffb3e37000 	C:\WINDOWS\SYSTEM32\CRYPTSP.dll
0x00007fffb3d30000 - 0x00007fffb3d63000 	C:\WINDOWS\system32\rsaenh.dll
0x00007fffb39b0000 - 0x00007fffb39cf000 	C:\WINDOWS\SYSTEM32\USERENV.dll
0x00007fffb3e40000 - 0x00007fffb3e4b000 	C:\WINDOWS\SYSTEM32\CRYPTBASE.dll
0x00007fffb38c0000 - 0x00007fffb38f8000 	C:\WINDOWS\SYSTEM32\IPHLPAPI.DLL
0x00007fffb7ea0000 - 0x00007fffb7ea8000 	C:\WINDOWS\System32\NSI.dll
0x00007fffb0870000 - 0x00007fffb0886000 	C:\WINDOWS\SYSTEM32\dhcpcsvc6.DLL
0x00007fffb08b0000 - 0x00007fffb08ca000 	C:\WINDOWS\SYSTEM32\dhcpcsvc.DLL
0x000000005e8f0000 - 0x000000005e901000 	C:\Program Files\Java\jdk1.8.0_71\jre\bin\nio.dll
0x000000005e600000 - 0x000000005e631000 	C:\Program Files\Java\jdk1.8.0_71\jre\bin\jpeg.dll
0x000000005e700000 - 0x000000005e747000 	C:\Program Files\Java\jdk1.8.0_71\jre\bin\fontmanager.dll
0x000000005e6b0000 - 0x000000005e6f2000 	C:\Program Files\Java\jdk1.8.0_71\jre\bin\t2k.dll
0x00007fffa9bd0000 - 0x00007fffa9d62000 	C:\WINDOWS\SYSTEM32\dbghelp.dll

VM Arguments:
jvm_args: -Dfile.encoding=UTF-8 -Djava.library.path=C:\opencv\build\java\x64 
java_command: Servidor.Servidor
java_class_path (initial): C:\opencv\build\java\opencv-2411.jar;C:\Users\isold\Downloads\slf4j-api-1.6.6.jar;C:\Users\isold\Downloads\slf4j-simple-1.7.2.jar;C:\Users\isold\Downloads\xuggle-xuggler-noarch-5.4.jar;C:\Users\isold\Documents\NetBeansProjects\Seguranca\build\classes
Launcher Type: SUN_STANDARD

Environment Variables:
PATH=C:\Program Files (x86)\NVIDIA Corporation\PhysX\Common;C:\ProgramData\Oracle\Java\javapath;C:\Inprise\vbroker\bin;C:\WINDOWS\system32;C:\WINDOWS;C:\WINDOWS\System32\Wbem;C:\WINDOWS\System32\WindowsPowerShell\v1.0\;C:\Program Files (x86)\GtkSharp\2.12\bin;C:\Program Files (x86)\MySQL\MySQL Fabric 1.5 & MySQL Utilities 1.5\;C:\Program Files (x86)\MySQL\MySQL Fabric 1.5 & MySQL Utilities 1.5\Doctrine extensions for PHP\;C:\Program Files\MySQL\MySQL Server 5.5\bin\;C:\Users\isold\AppData\Local\Microsoft\WindowsApps;
USERNAME=isold
OS=Windows_NT
PROCESSOR_IDENTIFIER=Intel64 Family 6 Model 58 Stepping 9, GenuineIntel



---------------  S Y S T E M  ---------------

OS: Windows 10.0 , 64 bit Build 14393 (10.0.14393.0)

CPU:total 4 (2 cores per cpu, 2 threads per core) family 6 model 58 stepping 9, cmov, cx8, fxsr, mmx, sse, sse2, sse3, ssse3, sse4.1, sse4.2, popcnt, avx, aes, clmul, erms, ht, tsc, tscinvbit, tscinv

Memory: 4k page, physical 6166240k(2390764k free), swap 7542496k(2969760k free)

vm_info: Java HotSpot(TM) 64-Bit Server VM (25.71-b15) for windows-amd64 JRE (1.8.0_71-b15), built on Dec 22 2015 18:15:55 by "java_re" with MS VC++ 10.0 (VS2010)

time: Tue Dec 13 22:45:37 2016
elapsed time: 19 seconds (0d 0h 0m 19s)

